mscV5PlusDemo/build/outputs/logs/manifest-merger-debug-report.txt
-- Merging decision tree log ---
manifest
ADDED from main\module\AndroidManifest.xml:2:1-39:12
INJECTED from main\module\AndroidManifest.xml:2:1-39:12
INJECTED from main\module\AndroidManifest.xml:2:1-39:12
INJECTED from main\module\AndroidManifest.xml:2:1-39:12
INJECTED from main\module\AndroidManifest.xml:2:1-39:12
INJECTED from main\module\AndroidManifest.xml:2:1-39:12
INJECTED from main\module\AndroidManifest.xml:2:1-39:12
	package
		ADDED from main\module\AndroidManifest.xml:3:5-40
		INJECTED from main\module\AndroidManifest.xml
		INJECTED from main\module\AndroidManifest.xml
	android:versionName
		INJECTED from main\module\AndroidManifest.xml
		ADDED from main\module\AndroidManifest.xml:2:1-39:12
		INJECTED from main\module\AndroidManifest.xml
	android:versionCode
		INJECTED from main\module\AndroidManifest.xml
		ADDED from main\module\AndroidManifest.xml:2:1-39:12
		INJECTED from main\module\AndroidManifest.xml
	xmlns:android
		ADDED from main\module\AndroidManifest.xml:2:11-69
application
ADDED from main\module\AndroidManifest.xml:5:5-38:19
activity#com.iflytek.mscv5plusdemo.MainActivity
ADDED from main\module\AndroidManifest.xml:6:9-11:51
	android:screenOrientation
		ADDED from main\module\AndroidManifest.xml:11:13-49
	android:label
		ADDED from main\module\AndroidManifest.xml:10:13-38
	android:configChanges
		ADDED from main\module\AndroidManifest.xml:8:13-133
	android:icon
		ADDED from main\module\AndroidManifest.xml:9:13-42
	android:name
		ADDED from main\module\AndroidManifest.xml:7:13-66
activity#com.iflytek.mscspeech.setting.TtsSettings
ADDED from main\module\AndroidManifest.xml:12:9-78
	android:name
		ADDED from main\module\AndroidManifest.xml:12:19-75
activity#com.iflytek.mscspeech.setting.IatSettings
ADDED from main\module\AndroidManifest.xml:13:9-78
	android:name
		ADDED from main\module\AndroidManifest.xml:13:19-75
activity#com.iflytek.mscv5plusdemo.IatDemo
ADDED from main\module\AndroidManifest.xml:14:9-17:52
	android:screenOrientation
		ADDED from main\module\AndroidManifest.xml:17:13-49
	android:configChanges
		ADDED from main\module\AndroidManifest.xml:16:13-133
	android:name
		ADDED from main\module\AndroidManifest.xml:15:13-61
activity#com.iflytek.mscv5plusdemo.AsrDemo
ADDED from main\module\AndroidManifest.xml:18:9-21:52
	android:screenOrientation
		ADDED from main\module\AndroidManifest.xml:21:13-49
	android:configChanges
		ADDED from main\module\AndroidManifest.xml:20:13-133
	android:name
		ADDED from main\module\AndroidManifest.xml:19:13-61
activity#com.iflytek.mscv5plusdemo.TtsDemo
ADDED from main\module\AndroidManifest.xml:22:9-25:52
	android:screenOrientation
		ADDED from main\module\AndroidManifest.xml:25:13-49
	android:configChanges
		ADDED from main\module\AndroidManifest.xml:24:13-133
	android:name
		ADDED from main\module\AndroidManifest.xml:23:13-61
activity#com.iflytek.mscv5plusdemo.IvwActivity
ADDED from main\module\AndroidManifest.xml:26:9-29:52
	android:screenOrientation
		ADDED from main\module\AndroidManifest.xml:29:13-49
	android:configChanges
		ADDED from main\module\AndroidManifest.xml:28:13-133
	android:name
		ADDED from main\module\AndroidManifest.xml:27:13-65
activity#com.iflytek.mscv5plusdemo.WakeDemo
ADDED from main\module\AndroidManifest.xml:30:9-33:52
	android:screenOrientation
		ADDED from main\module\AndroidManifest.xml:33:13-49
	android:configChanges
		ADDED from main\module\AndroidManifest.xml:32:13-133
	android:name
		ADDED from main\module\AndroidManifest.xml:31:13-62
activity#com.iflytek.mscv5plusdemo.OneShotDemo
ADDED from main\module\AndroidManifest.xml:34:9-37:52
	android:screenOrientation
		ADDED from main\module\AndroidManifest.xml:37:13-49
	android:configChanges
		ADDED from main\module\AndroidManifest.xml:36:13-133
	android:name
		ADDED from main\module\AndroidManifest.xml:35:13-65
uses-sdk
INJECTED from main\module\AndroidManifest.xml reason: use-sdk injection requested
INJECTED from main\module\AndroidManifest.xml
INJECTED from main\module\AndroidManifest.xml
INJECTED from main\module\AndroidManifest.xml
INJECTED from main\module\AndroidManifest.xml
	android:targetSdkVersion
		INJECTED from main\module\AndroidManifest.xml
		ADDED from main\module\AndroidManifest.xml
		INJECTED from main\module\AndroidManifest.xml
	android:minSdkVersion
		INJECTED from main\module\AndroidManifest.xml
		ADDED from main\module\AndroidManifest.xml
		INJECTED from main\module\AndroidManifest.xml